<?xml version="1.0" encoding="UTF-8"?>
<testsuite xmlns:xsi="http://www.w3.org/2001/XMLSchema-instance" xsi:noNamespaceSchemaLocation="https://maven.apache.org/surefire/maven-surefire-plugin/xsd/surefire-test-report.xsd" name="edu.cmu.cs780.hw3.GameTest" time="0.014" tests="10" errors="0" skipped="0" failures="0">
  <properties>
    <property name="java.specification.version" value="18"/>
    <property name="sun.jnu.encoding" value="UTF-8"/>
    <property name="java.class.path" value="/Users/zihaoyang/Desktop/CMUFiles/Courses/23 Fall/17780 API Design and Implementation/Homework/hw3/ApiDesignHW3/hw3/target/test-classes:/Users/zihaoyang/Desktop/CMUFiles/Courses/23 Fall/17780 API Design and Implementation/Homework/hw3/ApiDesignHW3/hw3/target/classes:/Users/zihaoyang/.m2/repository/junit/junit/4.11/junit-4.11.jar:/Users/zihaoyang/.m2/repository/org/hamcrest/hamcrest-core/1.3/hamcrest-core-1.3.jar:"/>
    <property name="java.vm.vendor" value="Homebrew"/>
    <property name="sun.arch.data.model" value="64"/>
    <property name="java.vendor.url" value="https://github.com/Homebrew/homebrew-core/issues"/>
    <property name="os.name" value="Mac OS X"/>
    <property name="java.vm.specification.version" value="18"/>
    <property name="sun.java.launcher" value="SUN_STANDARD"/>
    <property name="user.country" value="US"/>
    <property name="sun.boot.library.path" value="/opt/homebrew/Cellar/openjdk/18.0.2.1/libexec/openjdk.jdk/Contents/Home/lib"/>
    <property name="sun.java.command" value="/Users/zihaoyang/Desktop/CMUFiles/Courses/23 Fall/17780 API Design and Implementation/Homework/hw3/ApiDesignHW3/hw3/target/surefire/surefirebooter6548104122579201302.jar /Users/zihaoyang/Desktop/CMUFiles/Courses/23 Fall/17780 API Design and Implementation/Homework/hw3/ApiDesignHW3/hw3/target/surefire 2023-09-25T21-55-03_905-jvmRun1 surefire11532872169949769479tmp surefire_010645663443628629463tmp"/>
    <property name="http.nonProxyHosts" value="local|*.local|169.254/16|*.169.254/16"/>
    <property name="jdk.debug" value="release"/>
    <property name="surefire.test.class.path" value="/Users/zihaoyang/Desktop/CMUFiles/Courses/23 Fall/17780 API Design and Implementation/Homework/hw3/ApiDesignHW3/hw3/target/test-classes:/Users/zihaoyang/Desktop/CMUFiles/Courses/23 Fall/17780 API Design and Implementation/Homework/hw3/ApiDesignHW3/hw3/target/classes:/Users/zihaoyang/.m2/repository/junit/junit/4.11/junit-4.11.jar:/Users/zihaoyang/.m2/repository/org/hamcrest/hamcrest-core/1.3/hamcrest-core-1.3.jar:"/>
    <property name="sun.cpu.endian" value="little"/>
    <property name="user.home" value="/Users/zihaoyang"/>
    <property name="user.language" value="en"/>
    <property name="java.specification.vendor" value="Oracle Corporation"/>
    <property name="java.version.date" value="2022-08-18"/>
    <property name="java.home" value="/opt/homebrew/Cellar/openjdk/18.0.2.1/libexec/openjdk.jdk/Contents/Home"/>
    <property name="file.separator" value="/"/>
    <property name="basedir" value="/Users/zihaoyang/Desktop/CMUFiles/Courses/23 Fall/17780 API Design and Implementation/Homework/hw3/ApiDesignHW3/hw3"/>
    <property name="java.vm.compressedOopsMode" value="Zero based"/>
    <property name="line.separator" value="&#10;"/>
    <property name="java.vm.specification.vendor" value="Oracle Corporation"/>
    <property name="java.specification.name" value="Java Platform API Specification"/>
    <property name="apple.awt.application.name" value="ForkedBooter"/>
    <property name="surefire.real.class.path" value="/Users/zihaoyang/Desktop/CMUFiles/Courses/23 Fall/17780 API Design and Implementation/Homework/hw3/ApiDesignHW3/hw3/target/surefire/surefirebooter6548104122579201302.jar"/>
    <property name="sun.management.compiler" value="HotSpot 64-Bit Tiered Compilers"/>
    <property name="ftp.nonProxyHosts" value="local|*.local|169.254/16|*.169.254/16"/>
    <property name="java.runtime.version" value="18.0.2.1+0"/>
    <property name="user.name" value="zihaoyang"/>
    <property name="path.separator" value=":"/>
    <property name="os.version" value="13.4.1"/>
    <property name="java.runtime.name" value="OpenJDK Runtime Environment"/>
    <property name="file.encoding" value="UTF-8"/>
    <property name="java.vm.name" value="OpenJDK 64-Bit Server VM"/>
    <property name="java.vendor.version" value="Homebrew"/>
    <property name="localRepository" value="/Users/zihaoyang/.m2/repository"/>
    <property name="java.vendor.url.bug" value="https://github.com/Homebrew/homebrew-core/issues"/>
    <property name="java.io.tmpdir" value="/var/folders/n2/m28lc17n72n6_tv9x1_tlp8r0000gn/T/"/>
    <property name="java.version" value="18.0.2.1"/>
    <property name="user.dir" value="/Users/zihaoyang/Desktop/CMUFiles/Courses/23 Fall/17780 API Design and Implementation/Homework/hw3/ApiDesignHW3/hw3"/>
    <property name="os.arch" value="aarch64"/>
    <property name="java.vm.specification.name" value="Java Virtual Machine Specification"/>
    <property name="native.encoding" value="UTF-8"/>
    <property name="java.library.path" value="/Users/zihaoyang/Library/Java/Extensions:/Library/Java/Extensions:/Network/Library/Java/Extensions:/System/Library/Java/Extensions:/usr/lib/java:."/>
    <property name="java.vm.info" value="mixed mode, sharing"/>
    <property name="java.vendor" value="Homebrew"/>
    <property name="java.vm.version" value="18.0.2.1+0"/>
    <property name="sun.io.unicode.encoding" value="UnicodeBig"/>
    <property name="socksNonProxyHosts" value="local|*.local|169.254/16|*.169.254/16"/>
    <property name="java.class.version" value="62.0"/>
  </properties>
  <testcase name="testHasWinner1" classname="edu.cmu.cs780.hw3.GameTest" time="0.002"/>
  <testcase name="testHasWinner2" classname="edu.cmu.cs780.hw3.GameTest" time="0"/>
  <testcase name="testHasWinner3" classname="edu.cmu.cs780.hw3.GameTest" time="0"/>
  <testcase name="testHasWinner4" classname="edu.cmu.cs780.hw3.GameTest" time="0"/>
  <testcase name="testHasWinner5" classname="edu.cmu.cs780.hw3.GameTest" time="0"/>
  <testcase name="testHasWinner6" classname="edu.cmu.cs780.hw3.GameTest" time="0"/>
  <testcase name="testEmptyPrettyPrintBoard" classname="edu.cmu.cs780.hw3.GameTest" time="0"/>
  <testcase name="testPlaceCheckerWinMove" classname="edu.cmu.cs780.hw3.GameTest" time="0"/>
  <testcase name="testPlaceCheckerFirstMove" classname="edu.cmu.cs780.hw3.GameTest" time="0.001"/>
  <testcase name="testPlaceCheckerSecondMove" classname="edu.cmu.cs780.hw3.GameTest" time="0"/>
</testsuite>